[2025-12-14 15:54:47] [INFO] Начало создания вещи {"user_id":1,"data":{"name":"Александр","category_id":7,"color_id":9,"season_id":4,"notes":"ычсвамит","tag_ids":[],"tag_ids_count":0},"image_size":85552,"image_type":"image\/jpeg"}
[2025-12-14 15:54:47] [DEBUG] createWithImage: начало {"user_id":1,"image_path":"\/tmp\/phpOaIiJC","data_keys":["name","category_id","color_id","season_id","notes","tag_ids"]}
[2025-12-14 15:54:47] [DEBUG] createWithImage: чтение файла {"path":"\/tmp\/phpOaIiJC","size":85552}
[2025-12-14 15:54:47] [DEBUG] createWithImage: MIME тип определен {"mime_type":"image\/jpeg"}
[2025-12-14 15:54:47] [DEBUG] createWithImage: данные изображения подготовлены {"image_size":85552,"mime_type":"image\/jpeg"}
[2025-12-14 15:54:47] [DEBUG] createWithImage: вызов createWithBinaryData {"data_keys":["name","category_id","color_id","season_id","notes","tag_ids","image_data","image_mime_type","user_id","usage_count"],"has_image_data":true}
[2025-12-14 15:54:47] [DEBUG] Выполнение INSERT для items {"columns":["name","category_id","color_id","season_id","notes","user_id","usage_count","image_data","image_mime_type"],"filtered_data_keys":["name","category_id","color_id","season_id","notes","user_id","usage_count"],"has_image":true,"image_size":85552}
[2025-12-14 15:54:47] [DEBUG] Привязка параметра: name {"value":"Александр"}
[2025-12-14 15:54:47] [DEBUG] Привязка параметра: category_id {"value":7}
[2025-12-14 15:54:47] [DEBUG] Привязка параметра: color_id {"value":9}
[2025-12-14 15:54:47] [DEBUG] Привязка параметра: season_id {"value":4}
[2025-12-14 15:54:47] [DEBUG] Привязка параметра: notes {"value":"ычсвамит"}
[2025-12-14 15:54:47] [DEBUG] Привязка параметра: user_id {"value":1}
[2025-12-14 15:54:47] [DEBUG] Привязка параметра: usage_count {"value":0}
[2025-12-14 15:54:47] [DEBUG] Привязка бинарных данных {"hex_length":171106,"mime_type":"image\/jpeg"}
[2025-12-14 15:54:47] [INFO] Вещь создана успешно {"item_id":3}
[2025-12-14 15:54:47] [INFO] createWithImage: вещь создана в БД {"item_id":3}
[2025-12-14 15:54:47] [INFO] Вещь успешно создана {"user_id":1,"item_id":3}
[2025-12-14 15:57:19] [INFO] Начало создания вещи {"user_id":1,"data":{"name":"Александр","category_id":7,"color_id":7,"season_id":3,"notes":"йфывапро","tag_ids":[],"tag_ids_count":0},"image_size":182212,"image_type":"image\/jpeg"}
[2025-12-14 15:57:19] [DEBUG] createWithImage: начало {"user_id":1,"image_path":"\/tmp\/phplcdODA","data_keys":["name","category_id","color_id","season_id","notes","tag_ids"]}
[2025-12-14 15:57:19] [DEBUG] createWithImage: чтение файла {"path":"\/tmp\/phplcdODA","size":182212}
[2025-12-14 15:57:19] [DEBUG] createWithImage: MIME тип определен {"mime_type":"image\/jpeg"}
[2025-12-14 15:57:19] [DEBUG] createWithImage: данные изображения подготовлены {"image_size":182212,"mime_type":"image\/jpeg"}
[2025-12-14 15:57:19] [DEBUG] createWithImage: вызов createWithBinaryData {"data_keys":["name","category_id","color_id","season_id","notes","tag_ids","image_data","image_mime_type","user_id","usage_count"],"has_image_data":true}
[2025-12-14 15:57:19] [DEBUG] Выполнение INSERT для items {"columns":["name","category_id","color_id","season_id","notes","user_id","usage_count","image_data","image_mime_type"],"filtered_data_keys":["name","category_id","color_id","season_id","notes","user_id","usage_count"],"has_image":true,"image_size":182212}
[2025-12-14 15:57:19] [DEBUG] Привязка параметра: name {"value":"Александр"}
[2025-12-14 15:57:19] [DEBUG] Привязка параметра: category_id {"value":7}
[2025-12-14 15:57:19] [DEBUG] Привязка параметра: color_id {"value":7}
[2025-12-14 15:57:19] [DEBUG] Привязка параметра: season_id {"value":3}
[2025-12-14 15:57:19] [DEBUG] Привязка параметра: notes {"value":"йфывапро"}
[2025-12-14 15:57:19] [DEBUG] Привязка параметра: user_id {"value":1}
[2025-12-14 15:57:19] [DEBUG] Привязка параметра: usage_count {"value":0}
[2025-12-14 15:57:19] [DEBUG] Привязка бинарных данных {"hex_length":364426,"mime_type":"image\/jpeg"}
[2025-12-14 15:57:19] [INFO] Вещь создана успешно {"item_id":4}
[2025-12-14 15:57:19] [INFO] createWithImage: вещь создана в БД {"item_id":4}
[2025-12-14 15:57:19] [INFO] Вещь успешно создана {"user_id":1,"item_id":4}
[2025-12-14 16:00:49] [INFO] Начало создания вещи {"user_id":1,"data":{"name":"Праздники и не только","category_id":1,"color_id":6,"season_id":1,"notes":"лоьтримс","tag_ids":[],"tag_ids_count":0},"image_size":11155,"image_type":"image\/jpeg"}
[2025-12-14 16:00:49] [DEBUG] createWithImage: начало {"user_id":1,"image_path":"\/tmp\/phpfCbGnb","data_keys":["name","category_id","color_id","season_id","notes","tag_ids"]}
[2025-12-14 16:00:49] [DEBUG] createWithImage: чтение файла {"path":"\/tmp\/phpfCbGnb","size":11155}
[2025-12-14 16:00:49] [DEBUG] createWithImage: MIME тип определен {"mime_type":"image\/jpeg"}
[2025-12-14 16:00:49] [DEBUG] createWithImage: данные изображения подготовлены {"image_size":11155,"mime_type":"image\/jpeg"}
[2025-12-14 16:00:49] [DEBUG] createWithImage: вызов createWithBinaryData {"data_keys":["name","category_id","color_id","season_id","notes","tag_ids","image_data","image_mime_type","user_id","usage_count"],"has_image_data":true}
[2025-12-14 16:00:49] [DEBUG] Выполнение INSERT для items {"columns":["name","category_id","color_id","season_id","notes","user_id","usage_count","image_data","image_mime_type"],"filtered_data_keys":["name","category_id","color_id","season_id","notes","user_id","usage_count"],"has_image":true,"image_size":11155}
[2025-12-14 16:00:49] [DEBUG] Привязка параметра: name {"value":"Праздники и не только"}
[2025-12-14 16:00:49] [DEBUG] Привязка параметра: category_id {"value":1}
[2025-12-14 16:00:49] [DEBUG] Привязка параметра: color_id {"value":6}
[2025-12-14 16:00:49] [DEBUG] Привязка параметра: season_id {"value":1}
[2025-12-14 16:00:49] [DEBUG] Привязка параметра: notes {"value":"лоьтримс"}
[2025-12-14 16:00:49] [DEBUG] Привязка параметра: user_id {"value":1}
[2025-12-14 16:00:49] [DEBUG] Привязка параметра: usage_count {"value":0}
[2025-12-14 16:00:49] [DEBUG] Привязка бинарных данных {"hex_length":22312,"mime_type":"image\/jpeg"}
[2025-12-14 16:00:49] [INFO] Вещь создана успешно {"item_id":5}
[2025-12-14 16:00:49] [INFO] createWithImage: вещь создана в БД {"item_id":5}
[2025-12-14 16:00:49] [INFO] Вещь успешно создана {"user_id":1,"item_id":5}
[2025-12-14 16:46:00] [INFO] Начало создания вещи {"user_id":1,"data":{"name":"BRICS Прямые измерения","category_id":3,"color_id":10,"season_id":4,"notes":"выапр","tag_ids":[],"tag_ids_count":0},"image_size":2289752,"image_type":"image\/png"}
[2025-12-14 16:46:00] [DEBUG] createWithImage: начало {"user_id":1,"image_path":"\/tmp\/phpAJmOOI","data_keys":["name","category_id","color_id","season_id","notes","tag_ids"]}
[2025-12-14 16:46:00] [DEBUG] createWithImage: чтение файла {"path":"\/tmp\/phpAJmOOI","size":2289752}
[2025-12-14 16:46:00] [DEBUG] createWithImage: MIME тип определен {"mime_type":"image\/png"}
[2025-12-14 16:46:00] [INFO] createWithImage: сжатие изображения {"original_size":2289752,"max_size":2097152}
[2025-12-14 16:46:01] [INFO] createWithImage: изображение сжато {"new_size":966368}
[2025-12-14 16:46:01] [DEBUG] createWithImage: данные изображения подготовлены {"image_size":966368,"mime_type":"image\/png"}
[2025-12-14 16:46:01] [DEBUG] createWithImage: вызов createWithBinaryData {"data_keys":["name","category_id","color_id","season_id","notes","tag_ids","image_data","image_mime_type","user_id","usage_count"],"has_image_data":true}
[2025-12-14 16:46:01] [DEBUG] Выполнение INSERT для items {"columns":["name","category_id","color_id","season_id","notes","user_id","usage_count","image_data","image_mime_type"],"filtered_data_keys":["name","category_id","color_id","season_id","notes","user_id","usage_count"],"has_image":true,"image_size":966368}
[2025-12-14 16:46:01] [DEBUG] Привязка параметра: name {"value":"BRICS Прямые измерения"}
[2025-12-14 16:46:01] [DEBUG] Привязка параметра: category_id {"value":3}
[2025-12-14 16:46:01] [DEBUG] Привязка параметра: color_id {"value":10}
[2025-12-14 16:46:01] [DEBUG] Привязка параметра: season_id {"value":4}
[2025-12-14 16:46:01] [DEBUG] Привязка параметра: notes {"value":"выапр"}
[2025-12-14 16:46:01] [DEBUG] Привязка параметра: user_id {"value":1}
[2025-12-14 16:46:01] [DEBUG] Привязка параметра: usage_count {"value":0}
[2025-12-14 16:46:01] [DEBUG] Привязка бинарных данных {"hex_length":1932738,"mime_type":"image\/png"}
[2025-12-14 16:46:01] [INFO] Вещь создана успешно {"item_id":6}
[2025-12-14 16:46:01] [INFO] createWithImage: вещь создана в БД {"item_id":6}
[2025-12-14 16:46:01] [INFO] Вещь успешно создана {"user_id":1,"item_id":6}
[2025-12-14 16:50:33] [INFO] Начало создания вещи {"user_id":1,"data":{"name":"BRICS Прямые измерения","category_id":2,"color_id":9,"season_id":3,"notes":"Хуй в говне","tag_ids":[],"tag_ids_count":0},"image_size":2542492,"image_type":"image\/jpeg"}
[2025-12-14 16:50:33] [DEBUG] createWithImage: начало {"user_id":1,"image_path":"\/tmp\/phpfnpaNh","data_keys":["name","category_id","color_id","season_id","notes","tag_ids"]}
[2025-12-14 16:50:33] [DEBUG] createWithImage: чтение файла {"path":"\/tmp\/phpfnpaNh","size":2542492}
[2025-12-14 16:50:33] [DEBUG] createWithImage: MIME тип определен {"mime_type":"image\/jpeg"}
[2025-12-14 16:50:33] [INFO] createWithImage: сжатие изображения {"original_size":2542492,"max_size":2097152}
[2025-12-14 16:50:33] [INFO] createWithImage: изображение сжато {"new_size":174783}
[2025-12-14 16:50:33] [DEBUG] createWithImage: данные изображения подготовлены {"image_size":174783,"mime_type":"image\/jpeg"}
[2025-12-14 16:50:33] [DEBUG] createWithImage: вызов createWithBinaryData {"data_keys":["name","category_id","color_id","season_id","notes","tag_ids","image_data","image_mime_type","user_id","usage_count"],"has_image_data":true}
[2025-12-14 16:50:33] [DEBUG] Выполнение INSERT для items {"columns":["name","category_id","color_id","season_id","notes","user_id","usage_count","image_data","image_mime_type"],"filtered_data_keys":["name","category_id","color_id","season_id","notes","user_id","usage_count"],"has_image":true,"image_size":174783}
[2025-12-14 16:50:33] [DEBUG] Привязка параметра: name {"value":"BRICS Прямые измерения"}
[2025-12-14 16:50:33] [DEBUG] Привязка параметра: category_id {"value":2}
[2025-12-14 16:50:33] [DEBUG] Привязка параметра: color_id {"value":9}
[2025-12-14 16:50:33] [DEBUG] Привязка параметра: season_id {"value":3}
[2025-12-14 16:50:33] [DEBUG] Привязка параметра: notes {"value":"Хуй в говне"}
[2025-12-14 16:50:33] [DEBUG] Привязка параметра: user_id {"value":1}
[2025-12-14 16:50:33] [DEBUG] Привязка параметра: usage_count {"value":0}
[2025-12-14 16:50:33] [DEBUG] Привязка бинарных данных {"hex_length":349568,"mime_type":"image\/jpeg"}
[2025-12-14 16:50:33] [INFO] Вещь создана успешно {"item_id":7}
[2025-12-14 16:50:33] [INFO] createWithImage: вещь создана в БД {"item_id":7}
[2025-12-14 16:50:33] [INFO] Вещь успешно создана {"user_id":1,"item_id":7}
